<?xml version="1.0" encoding="UTF-8"?>
<testng-results skipped="0" failed="0" ignored="0" total="0" passed="0">
  <reporter-output>
  </reporter-output>
  <suite name="batchTest.TestRunner" duration-ms="8" started-at="2020-02-03T12:18:38Z" finished-at="2020-02-03T12:18:38Z">
    <groups>
    </groups>
    <test name="Command line test" duration-ms="8" started-at="2020-02-03T12:18:38Z" finished-at="2020-02-03T12:18:38Z">
    </test> <!-- Command line test -->
  </suite> <!-- batchTest.TestRunner -->
</testng-results>
